10:33:48.861 logback [Thread-18] INFO  o.s.s.c.ThreadPoolTaskExecutor - Shutting down ExecutorService 'applicationTaskExecutor'
10:33:48.867 logback [Thread-18] INFO  c.alibaba.druid.pool.DruidDataSource - {dataSource-1} closed
10:33:49.470 logback [restartedMain] INFO  com.example.demo.DemoApplication - Starting DemoApplication on ChenLu-ThinkPad with PID 12372 (D:\IdeaProjects\demo\target\classes started by 10450 in D:\IdeaProjects\demo)
10:33:49.471 logback [restartedMain] INFO  com.example.demo.DemoApplication - No active profile set, falling back to default profiles: default
10:33:50.165 logback [restartedMain] INFO  o.s.c.s.PostProcessorRegistrationDelegate$BeanPostProcessorChecker - Bean 'com.alibaba.druid.spring.boot.autoconfigure.stat.DruidSpringAopConfiguration' of type [com.alibaba.druid.spring.boot.autoconfigure.stat.DruidSpringAopConfiguration] is not eligible for getting processed by all BeanPostProcessors (for example: not eligible for auto-proxying)
10:33:50.195 logback [restartedMain] INFO  o.s.c.s.PostProcessorRegistrationDelegate$BeanPostProcessorChecker - Bean 'spring.datasource.druid-com.alibaba.druid.spring.boot.autoconfigure.properties.DruidStatProperties' of type [com.alibaba.druid.spring.boot.autoconfigure.properties.DruidStatProperties] is not eligible for getting processed by all BeanPostProcessors (for example: not eligible for auto-proxying)
10:33:50.196 logback [restartedMain] INFO  o.s.c.s.PostProcessorRegistrationDelegate$BeanPostProcessorChecker - Bean 'advisor' of type [org.springframework.aop.support.RegexpMethodPointcutAdvisor] is not eligible for getting processed by all BeanPostProcessors (for example: not eligible for auto-proxying)
10:33:50.366 logback [restartedMain] INFO  o.s.b.w.e.tomcat.TomcatWebServer - Tomcat initialized with port(s): 8080 (http)
10:33:50.367 logback [restartedMain] INFO  o.a.coyote.http11.Http11NioProtocol - Initializing ProtocolHandler ["http-nio-8080"]
10:33:50.367 logback [restartedMain] INFO  o.a.catalina.core.StandardService - Starting service [Tomcat]
10:33:50.368 logback [restartedMain] INFO  o.a.catalina.core.StandardEngine - Starting Servlet engine: [Apache Tomcat/9.0.33]
10:33:50.405 logback [restartedMain] INFO  o.a.c.c.C.[Tomcat].[localhost].[/] - Initializing Spring embedded WebApplicationContext
10:33:50.405 logback [restartedMain] INFO  o.s.web.context.ContextLoader - Root WebApplicationContext: initialization completed in 928 ms
10:33:50.528 logback [restartedMain] INFO  c.a.d.s.b.a.DruidDataSourceAutoConfigure - Init DruidDataSource
10:33:51.012 logback [restartedMain] INFO  c.alibaba.druid.pool.DruidDataSource - {dataSource-2} inited
10:33:51.313 logback [restartedMain] INFO  s.d.s.w.PropertySourcedRequestMappingHandlerMapping - Mapped URL path [/v2/api-docs] onto method [springfox.documentation.swagger2.web.Swagger2Controller#getDocumentation(String, HttpServletRequest)]
10:33:51.349 logback [restartedMain] INFO  o.s.b.a.s.s.UserDetailsServiceAutoConfiguration - 

Using generated security password: 966467a2-5dba-4f5a-8923-ff796fe7b550

10:33:51.363 logback [restartedMain] INFO  o.s.s.web.DefaultSecurityFilterChain - Creating filter chain: any request, [org.springframework.security.web.context.request.async.WebAsyncManagerIntegrationFilter@fa4246d, org.springframework.security.web.context.SecurityContextPersistenceFilter@53bec0d7, org.springframework.security.web.header.HeaderWriterFilter@46e8c7d1, org.springframework.security.web.csrf.CsrfFilter@69945233, org.springframework.security.web.authentication.logout.LogoutFilter@63240d93, org.springframework.security.web.savedrequest.RequestCacheAwareFilter@5e665153, org.springframework.security.web.servletapi.SecurityContextHolderAwareRequestFilter@5e30c301, org.springframework.security.web.authentication.AnonymousAuthenticationFilter@57d4c653, org.springframework.security.web.session.SessionManagementFilter@18700c20, org.springframework.security.web.access.ExceptionTranslationFilter@28e4b62d]
10:33:51.458 logback [restartedMain] INFO  o.s.s.c.ThreadPoolTaskExecutor - Initializing ExecutorService 'applicationTaskExecutor'
10:33:51.484 logback [restartedMain] INFO  o.s.b.d.a.OptionalLiveReloadServer - LiveReload server is running on port 35729
10:33:51.544 logback [restartedMain] WARN  o.t.templatemode.TemplateMode - [THYMELEAF][restartedMain] Template Mode 'HTML5' is deprecated. Using Template Mode 'HTML' instead.
10:33:51.660 logback [restartedMain] INFO  s.d.s.w.p.DocumentationPluginsBootstrapper - Context refreshed
10:33:51.660 logback [restartedMain] INFO  s.d.s.w.p.DocumentationPluginsBootstrapper - Found 1 custom documentation plugin(s)
10:33:51.664 logback [restartedMain] INFO  s.d.s.w.s.ApiListingReferenceScanner - Scanning for api listing references
10:33:51.709 logback [restartedMain] INFO  o.a.coyote.http11.Http11NioProtocol - Starting ProtocolHandler ["http-nio-8080"]
10:33:51.712 logback [restartedMain] INFO  o.s.b.w.e.tomcat.TomcatWebServer - Tomcat started on port(s): 8080 (http) with context path ''
10:33:51.713 logback [restartedMain] INFO  com.example.demo.DemoApplication - Started DemoApplication in 2.32 seconds (JVM running for 59967.376)
10:33:51.714 logback [restartedMain] INFO  o.s.b.d.a.ConditionEvaluationDeltaLoggingListener - Condition evaluation unchanged
