11:33:34.325 logback [restartedMain] INFO  com.example.demo.DemoApplication - Starting DemoApplication on ChenLu-ThinkPad with PID 18780 (D:\IdeaProjects\demo\target\classes started by 10450 in D:\IdeaProjects\demo)
11:33:34.328 logback [restartedMain] INFO  com.example.demo.DemoApplication - No active profile set, falling back to default profiles: default
11:33:34.380 logback [restartedMain] INFO  o.s.b.d.e.DevToolsPropertyDefaultsPostProcessor - Devtools property defaults active! Set 'spring.devtools.add-properties' to 'false' to disable
11:33:34.380 logback [restartedMain] INFO  o.s.b.d.e.DevToolsPropertyDefaultsPostProcessor - For additional web related logging consider setting the 'logging.level.web' property to 'DEBUG'
11:33:35.364 logback [restartedMain] INFO  o.s.c.s.PostProcessorRegistrationDelegate$BeanPostProcessorChecker - Bean 'com.alibaba.druid.spring.boot.autoconfigure.stat.DruidSpringAopConfiguration' of type [com.alibaba.druid.spring.boot.autoconfigure.stat.DruidSpringAopConfiguration] is not eligible for getting processed by all BeanPostProcessors (for example: not eligible for auto-proxying)
11:33:35.475 logback [restartedMain] INFO  o.s.c.s.PostProcessorRegistrationDelegate$BeanPostProcessorChecker - Bean 'spring.datasource.druid-com.alibaba.druid.spring.boot.autoconfigure.properties.DruidStatProperties' of type [com.alibaba.druid.spring.boot.autoconfigure.properties.DruidStatProperties] is not eligible for getting processed by all BeanPostProcessors (for example: not eligible for auto-proxying)
11:33:35.481 logback [restartedMain] INFO  o.s.c.s.PostProcessorRegistrationDelegate$BeanPostProcessorChecker - Bean 'advisor' of type [org.springframework.aop.support.RegexpMethodPointcutAdvisor] is not eligible for getting processed by all BeanPostProcessors (for example: not eligible for auto-proxying)
11:33:35.814 logback [restartedMain] INFO  o.s.b.w.e.tomcat.TomcatWebServer - Tomcat initialized with port(s): 8080 (http)
11:33:35.821 logback [restartedMain] INFO  o.a.coyote.http11.Http11NioProtocol - Initializing ProtocolHandler ["http-nio-8080"]
11:33:35.821 logback [restartedMain] INFO  o.a.catalina.core.StandardService - Starting service [Tomcat]
11:33:35.821 logback [restartedMain] INFO  o.a.catalina.core.StandardEngine - Starting Servlet engine: [Apache Tomcat/9.0.33]
11:33:35.894 logback [restartedMain] INFO  o.a.c.c.C.[Tomcat].[localhost].[/] - Initializing Spring embedded WebApplicationContext
11:33:35.894 logback [restartedMain] INFO  o.s.web.context.ContextLoader - Root WebApplicationContext: initialization completed in 1514 ms
11:33:35.979 logback [restartedMain] INFO  c.a.d.s.b.a.DruidDataSourceAutoConfigure - Init DruidDataSource
11:33:36.765 logback [restartedMain] INFO  c.alibaba.druid.pool.DruidDataSource - {dataSource-1} inited
11:33:37.314 logback [restartedMain] INFO  s.d.s.w.PropertySourcedRequestMappingHandlerMapping - Mapped URL path [/v2/api-docs] onto method [springfox.documentation.swagger2.web.Swagger2Controller#getDocumentation(String, HttpServletRequest)]
11:33:37.383 logback [restartedMain] INFO  o.s.b.a.s.s.UserDetailsServiceAutoConfiguration - 

Using generated security password: faea06d9-b507-48cf-bb90-baa573ebbb91

11:33:37.460 logback [restartedMain] INFO  o.s.s.web.DefaultSecurityFilterChain - Creating filter chain: any request, [org.springframework.security.web.context.request.async.WebAsyncManagerIntegrationFilter@30d8a749, org.springframework.security.web.context.SecurityContextPersistenceFilter@7d2dbb13, org.springframework.security.web.header.HeaderWriterFilter@112ee258, org.springframework.security.web.csrf.CsrfFilter@339c4a8c, org.springframework.security.web.authentication.logout.LogoutFilter@61bdb060, org.springframework.security.web.savedrequest.RequestCacheAwareFilter@74dfec7c, org.springframework.security.web.servletapi.SecurityContextHolderAwareRequestFilter@2f7f40af, org.springframework.security.web.authentication.AnonymousAuthenticationFilter@17df55a, org.springframework.security.web.session.SessionManagementFilter@53bf6564, org.springframework.security.web.access.ExceptionTranslationFilter@2f3cb345]
11:33:37.594 logback [restartedMain] INFO  o.s.s.c.ThreadPoolTaskExecutor - Initializing ExecutorService 'applicationTaskExecutor'
11:33:37.644 logback [restartedMain] INFO  o.s.b.d.a.OptionalLiveReloadServer - LiveReload server is running on port 35729
11:33:37.735 logback [restartedMain] WARN  o.t.templatemode.TemplateMode - [THYMELEAF][restartedMain] Template Mode 'HTML5' is deprecated. Using Template Mode 'HTML' instead.
11:33:38.023 logback [restartedMain] INFO  s.d.s.w.p.DocumentationPluginsBootstrapper - Context refreshed
11:33:38.036 logback [restartedMain] INFO  s.d.s.w.p.DocumentationPluginsBootstrapper - Found 1 custom documentation plugin(s)
11:33:38.061 logback [restartedMain] INFO  s.d.s.w.s.ApiListingReferenceScanner - Scanning for api listing references
11:33:38.222 logback [restartedMain] INFO  o.a.coyote.http11.Http11NioProtocol - Starting ProtocolHandler ["http-nio-8080"]
11:33:38.241 logback [restartedMain] INFO  o.s.b.w.e.tomcat.TomcatWebServer - Tomcat started on port(s): 8080 (http) with context path ''
11:33:38.244 logback [restartedMain] INFO  com.example.demo.DemoApplication - Started DemoApplication in 4.542 seconds (JVM running for 5.432)
