[2020-04-16 15:23:03] INFO  org.springframework.test.context.support.AbstractTestContextBootstrapper 308 buildDefaultMergedContextConfiguration - Neither @ContextConfiguration nor @ContextHierarchy found for test class [com.example.demo.DemoApplicationTests], using SpringBootContextLoader
[2020-04-16 15:23:03] INFO  org.springframework.test.context.support.AbstractContextLoader 264 generateDefaultLocations - Could not detect default resource locations for test class [com.example.demo.DemoApplicationTests]: no resource found for suffixes {-context.xml, Context.groovy}.
[2020-04-16 15:23:03] INFO  org.springframework.test.context.support.AnnotationConfigContextLoaderUtils 83 detectDefaultConfigurationClasses - Could not detect default configuration classes for test class [com.example.demo.DemoApplicationTests]: DemoApplicationTests does not declare any static, non-private, non-final, nested classes annotated with @Configuration.
[2020-04-16 15:23:03] INFO  org.springframework.boot.test.context.SpringBootTestContextBootstrapper 235 getOrFindConfigurationClasses - Found @SpringBootConfiguration com.example.demo.DemoApplication for test class com.example.demo.DemoApplicationTests
[2020-04-16 15:23:03] INFO  org.springframework.test.context.support.AbstractTestContextBootstrapper 248 getDefaultTestExecutionListenerClassNames - Loaded default TestExecutionListener class names from location [META-INF/spring.factories]: [org.springframework.boot.test.mock.mockito.MockitoTestExecutionListener, org.springframework.boot.test.mock.mockito.ResetMocksTestExecutionListener, org.springframework.boot.test.autoconfigure.restdocs.RestDocsTestExecutionListener, org.springframework.boot.test.autoconfigure.web.client.MockRestServiceServerResetTestExecutionListener, org.springframework.boot.test.autoconfigure.web.servlet.MockMvcPrintOnlyOnFailureTestExecutionListener, org.springframework.boot.test.autoconfigure.web.servlet.WebDriverTestExecutionListener, org.springframework.test.context.web.ServletTestExecutionListener, org.springframework.test.context.support.DirtiesContextBeforeModesTestExecutionListener, org.springframework.test.context.support.DependencyInjectionTestExecutionListener, org.springframework.test.context.support.DirtiesContextTestExecutionListener, org.springframework.test.context.transaction.TransactionalTestExecutionListener, org.springframework.test.context.jdbc.SqlScriptsTestExecutionListener, org.springframework.test.context.event.EventPublishingTestExecutionListener]
[2020-04-16 15:23:03] INFO  org.springframework.test.context.support.AbstractTestContextBootstrapper 177 getTestExecutionListeners - Using TestExecutionListeners: [org.springframework.test.context.web.ServletTestExecutionListener@3b2c0e88, org.springframework.test.context.support.DirtiesContextBeforeModesTestExecutionListener@5bd82fed, org.springframework.boot.test.mock.mockito.MockitoTestExecutionListener@c1bd0be, org.springframework.boot.test.autoconfigure.SpringBootDependencyInjectionTestExecutionListener@476b0ae6, org.springframework.test.context.support.DirtiesContextTestExecutionListener@1c6804cd, org.springframework.test.context.transaction.TransactionalTestExecutionListener@655f7ea, org.springframework.test.context.jdbc.SqlScriptsTestExecutionListener@549949be, org.springframework.test.context.event.EventPublishingTestExecutionListener@4b3a45f1, org.springframework.boot.test.mock.mockito.ResetMocksTestExecutionListener@17a87e37, org.springframework.boot.test.autoconfigure.restdocs.RestDocsTestExecutionListener@3eeb318f, org.springframework.boot.test.autoconfigure.web.client.MockRestServiceServerResetTestExecutionListener@20a14b55, org.springframework.boot.test.autoconfigure.web.servlet.MockMvcPrintOnlyOnFailureTestExecutionListener@39ad977d, org.springframework.boot.test.autoconfigure.web.servlet.WebDriverTestExecutionListener@6da00fb9]
[2020-04-16 15:23:04] INFO  org.eclipse.jetty.util.log.Log 169 initialized - Logging initialized @2402ms to org.eclipse.jetty.util.log.Slf4jLog
[2020-04-16 15:23:04] INFO  org.springframework.boot.StartupInfoLogger 55 logStarting - Starting DemoApplicationTests on ChenLu-ThinkPad with PID 4412 (started by 10450 in D:\IdeaProjects\demo)
[2020-04-16 15:23:04] INFO  org.springframework.boot.SpringApplication 651 logStartupProfileInfo - No active profile set, falling back to default profiles: default
[2020-04-16 15:23:06] INFO  org.springframework.context.support.PostProcessorRegistrationDelegate$BeanPostProcessorChecker 330 postProcessAfterInitialization - Bean 'com.alibaba.druid.spring.boot.autoconfigure.stat.DruidSpringAopConfiguration' of type [com.alibaba.druid.spring.boot.autoconfigure.stat.DruidSpringAopConfiguration] is not eligible for getting processed by all BeanPostProcessors (for example: not eligible for auto-proxying)
[2020-04-16 15:23:06] INFO  org.springframework.context.support.PostProcessorRegistrationDelegate$BeanPostProcessorChecker 330 postProcessAfterInitialization - Bean 'spring.datasource.druid-com.alibaba.druid.spring.boot.autoconfigure.properties.DruidStatProperties' of type [com.alibaba.druid.spring.boot.autoconfigure.properties.DruidStatProperties] is not eligible for getting processed by all BeanPostProcessors (for example: not eligible for auto-proxying)
[2020-04-16 15:23:06] INFO  org.springframework.context.support.PostProcessorRegistrationDelegate$BeanPostProcessorChecker 330 postProcessAfterInitialization - Bean 'advisor' of type [org.springframework.aop.support.RegexpMethodPointcutAdvisor] is not eligible for getting processed by all BeanPostProcessors (for example: not eligible for auto-proxying)
[2020-04-16 15:23:07] INFO  springfox.documentation.spring.web.PropertySourcedRequestMappingHandlerMapping 69 initHandlerMethods - Mapped URL path [/v2/api-docs] onto method [springfox.documentation.swagger2.web.Swagger2Controller#getDocumentation(String, HttpServletRequest)]
[2020-04-16 15:23:07] INFO  org.springframework.scheduling.concurrent.ExecutorConfigurationSupport 181 initialize - Initializing ExecutorService 'applicationTaskExecutor'
[2020-04-16 15:23:08] INFO  com.alibaba.druid.spring.boot.autoconfigure.DruidDataSourceAutoConfigure 56 dataSource - Init DruidDataSource
[2020-04-16 15:23:08] INFO  org.springframework.scheduling.concurrent.ExecutorConfigurationSupport 218 shutdown - Shutting down ExecutorService 'applicationTaskExecutor'
[2020-04-16 15:23:08] INFO  org.springframework.boot.autoconfigure.logging.ConditionEvaluationReportLoggingListener 136 logMessage - 

Error starting ApplicationContext. To display the conditions report re-run your application with 'debug' enabled.
[2020-04-16 15:23:55] INFO  org.springframework.boot.StartupInfoLogger 55 logStarting - Starting DemoApplication on ChenLu-ThinkPad with PID 15704 (D:\IdeaProjects\demo\target\classes started by 10450 in D:\IdeaProjects\demo)
[2020-04-16 15:23:55] INFO  org.springframework.boot.SpringApplication 651 logStartupProfileInfo - No active profile set, falling back to default profiles: default
[2020-04-16 15:23:55] INFO  org.springframework.boot.logging.DeferredLog 225 logTo - Devtools property defaults active! Set 'spring.devtools.add-properties' to 'false' to disable
[2020-04-16 15:23:55] INFO  org.springframework.boot.logging.DeferredLog 225 logTo - For additional web related logging consider setting the 'logging.level.web' property to 'DEBUG'
[2020-04-16 15:23:56] INFO  org.springframework.context.support.PostProcessorRegistrationDelegate$BeanPostProcessorChecker 330 postProcessAfterInitialization - Bean 'com.alibaba.druid.spring.boot.autoconfigure.stat.DruidSpringAopConfiguration' of type [com.alibaba.druid.spring.boot.autoconfigure.stat.DruidSpringAopConfiguration] is not eligible for getting processed by all BeanPostProcessors (for example: not eligible for auto-proxying)
[2020-04-16 15:23:56] INFO  org.springframework.context.support.PostProcessorRegistrationDelegate$BeanPostProcessorChecker 330 postProcessAfterInitialization - Bean 'spring.datasource.druid-com.alibaba.druid.spring.boot.autoconfigure.properties.DruidStatProperties' of type [com.alibaba.druid.spring.boot.autoconfigure.properties.DruidStatProperties] is not eligible for getting processed by all BeanPostProcessors (for example: not eligible for auto-proxying)
[2020-04-16 15:23:56] INFO  org.springframework.context.support.PostProcessorRegistrationDelegate$BeanPostProcessorChecker 330 postProcessAfterInitialization - Bean 'advisor' of type [org.springframework.aop.support.RegexpMethodPointcutAdvisor] is not eligible for getting processed by all BeanPostProcessors (for example: not eligible for auto-proxying)
[2020-04-16 15:23:56] INFO  org.springframework.boot.web.embedded.tomcat.TomcatWebServer 92 initialize - Tomcat initialized with port(s): 8080 (http)
[2020-04-16 15:23:56] INFO  org.apache.juli.logging.DirectJDKLog 173 log - Starting service [Tomcat]
[2020-04-16 15:23:56] INFO  org.apache.juli.logging.DirectJDKLog 173 log - Starting Servlet engine: [Apache Tomcat/9.0.33]
[2020-04-16 15:23:56] INFO  org.apache.juli.logging.DirectJDKLog 173 log - Initializing Spring embedded WebApplicationContext
[2020-04-16 15:23:56] INFO  org.springframework.boot.web.servlet.context.ServletWebServerApplicationContext 284 prepareWebApplicationContext - Root WebApplicationContext: initialization completed in 1098 ms
[2020-04-16 15:23:56] INFO  springfox.documentation.spring.web.PropertySourcedRequestMappingHandlerMapping 69 initHandlerMethods - Mapped URL path [/v2/api-docs] onto method [springfox.documentation.swagger2.web.Swagger2Controller#getDocumentation(String, HttpServletRequest)]
[2020-04-16 15:23:57] INFO  org.springframework.scheduling.concurrent.ExecutorConfigurationSupport 181 initialize - Initializing ExecutorService 'applicationTaskExecutor'
[2020-04-16 15:23:57] INFO  org.springframework.boot.devtools.autoconfigure.OptionalLiveReloadServer 58 startServer - LiveReload server is running on port 35729
[2020-04-16 15:23:57] INFO  com.alibaba.druid.spring.boot.autoconfigure.DruidDataSourceAutoConfigure 56 dataSource - Init DruidDataSource
[2020-04-16 15:23:57] INFO  org.springframework.scheduling.concurrent.ExecutorConfigurationSupport 218 shutdown - Shutting down ExecutorService 'applicationTaskExecutor'
[2020-04-16 15:23:57] INFO  org.apache.juli.logging.DirectJDKLog 173 log - Stopping service [Tomcat]
[2020-04-16 15:23:57] INFO  org.springframework.boot.autoconfigure.logging.ConditionEvaluationReportLoggingListener 136 logMessage - 

Error starting ApplicationContext. To display the conditions report re-run your application with 'debug' enabled.
[2020-04-16 15:24:20] INFO  org.springframework.boot.StartupInfoLogger 55 logStarting - Starting DemoApplication on ChenLu-ThinkPad with PID 7368 (D:\IdeaProjects\demo\target\classes started by 10450 in D:\IdeaProjects\demo)
[2020-04-16 15:24:20] INFO  org.springframework.boot.SpringApplication 651 logStartupProfileInfo - No active profile set, falling back to default profiles: default
[2020-04-16 15:24:20] INFO  org.springframework.boot.logging.DeferredLog 225 logTo - Devtools property defaults active! Set 'spring.devtools.add-properties' to 'false' to disable
[2020-04-16 15:24:20] INFO  org.springframework.boot.logging.DeferredLog 225 logTo - For additional web related logging consider setting the 'logging.level.web' property to 'DEBUG'
[2020-04-16 15:24:21] INFO  org.springframework.boot.web.embedded.tomcat.TomcatWebServer 92 initialize - Tomcat initialized with port(s): 8080 (http)
[2020-04-16 15:24:21] INFO  org.apache.juli.logging.DirectJDKLog 173 log - Starting service [Tomcat]
[2020-04-16 15:24:21] INFO  org.apache.juli.logging.DirectJDKLog 173 log - Starting Servlet engine: [Apache Tomcat/9.0.33]
[2020-04-16 15:24:21] INFO  org.apache.juli.logging.DirectJDKLog 173 log - Initializing Spring embedded WebApplicationContext
[2020-04-16 15:24:21] INFO  org.springframework.boot.web.servlet.context.ServletWebServerApplicationContext 284 prepareWebApplicationContext - Root WebApplicationContext: initialization completed in 1365 ms
[2020-04-16 15:24:22] INFO  springfox.documentation.spring.web.PropertySourcedRequestMappingHandlerMapping 69 initHandlerMethods - Mapped URL path [/v2/api-docs] onto method [springfox.documentation.swagger2.web.Swagger2Controller#getDocumentation(String, HttpServletRequest)]
[2020-04-16 15:24:22] INFO  org.springframework.scheduling.concurrent.ExecutorConfigurationSupport 181 initialize - Initializing ExecutorService 'applicationTaskExecutor'
[2020-04-16 15:24:22] INFO  org.springframework.boot.devtools.autoconfigure.OptionalLiveReloadServer 58 startServer - LiveReload server is running on port 35729
[2020-04-16 15:24:22] INFO  com.alibaba.druid.spring.boot.autoconfigure.DruidDataSourceAutoConfigure 56 dataSource - Init DruidDataSource
[2020-04-16 15:24:22] INFO  org.springframework.scheduling.concurrent.ExecutorConfigurationSupport 218 shutdown - Shutting down ExecutorService 'applicationTaskExecutor'
[2020-04-16 15:24:22] INFO  org.apache.juli.logging.DirectJDKLog 173 log - Stopping service [Tomcat]
[2020-04-16 15:24:22] INFO  org.springframework.boot.autoconfigure.logging.ConditionEvaluationReportLoggingListener 136 logMessage - 

Error starting ApplicationContext. To display the conditions report re-run your application with 'debug' enabled.
